# JRE version: OpenJDK Runtime Environment (11.0.11+9) (build 11.0.11+9-Ubuntu-0ubuntu2.20.04)
# Java VM: OpenJDK 64-Bit Server VM (11.0.11+9-Ubuntu-0ubuntu2.20.04, mixed mode, sharing, tiered, compressed oops, parallel gc, linux-amd64)
Heap:
 PSYoungGen      total 2048K, used 1339K [0x00000000eab00000, 0x00000000eaf80000, 0x0000000100000000)
  eden space 1536K, 83% used [0x00000000eab00000,0x00000000eac3ee80,0x00000000eac80000)
  from space 512K, 12% used [0x00000000eaf00000,0x00000000eaf10000,0x00000000eaf80000)
  to   space 512K, 0% used [0x00000000eae80000,0x00000000eae80000,0x00000000eaf00000)
 ParOldGen       total 237568K, used 201263K [0x00000000c0000000, 0x00000000ce800000, 0x00000000eab00000)
  object space 237568K, 84% used [0x00000000c0000000,0x00000000cc48be18,0x00000000ce800000)
 Metaspace       used 86151K, capacity 90391K, committed 91048K, reserved 1130496K
  class space    used 8111K, capacity 9575K, committed 9728K, reserved 1048576K
GC Heap History (20 events):
Event: 4707,672 GC heap after
{Heap after GC invocations=1863 (full 54):
 PSYoungGen      total 4096K, used 1022K [0x00000000eab00000, 0x00000000eb300000, 0x0000000100000000)
  eden space 3072K, 0% used [0x00000000eab00000,0x00000000eab00000,0x00000000eae00000)
  from space 1024K, 99% used [0x00000000eb100000,0x00000000eb1ffb08,0x00000000eb200000)
  to   space 2560K, 0% used [0x00000000eae00000,0x00000000eae00000,0x00000000eb080000)
 ParOldGen       total 237568K, used 189944K [0x00000000c0000000, 0x00000000ce800000, 0x00000000eab00000)
  object space 237568K, 79% used [0x00000000c0000000,0x00000000cb97e2d0,0x00000000ce800000)
 Metaspace       used 86145K, capacity 90391K, committed 91048K, reserved 1130496K
  class space    used 8110K, capacity 9575K, committed 9728K, reserved 1048576K
}
Event: 4707,796 GC heap before
{Heap before GC invocations=1864 (full 54):
 PSYoungGen      total 4096K, used 4068K [0x00000000eab00000, 0x00000000eb300000, 0x0000000100000000)
  eden space 3072K, 99% used [0x00000000eab00000,0x00000000eadf9750,0x00000000eae00000)
  from space 1024K, 99% used [0x00000000eb100000,0x00000000eb1ffb08,0x00000000eb200000)
  to   space 2560K, 0% used [0x00000000eae00000,0x00000000eae00000,0x00000000eb080000)
 ParOldGen       total 237568K, used 189944K [0x00000000c0000000, 0x00000000ce800000, 0x00000000eab00000)
  object space 237568K, 79% used [0x00000000c0000000,0x00000000cb97e2d0,0x00000000ce800000)
 Metaspace       used 86145K, capacity 90391K, committed 91048K, reserved 1130496K
  class space    used 8110K, capacity 9575K, committed 9728K, reserved 1048576K
}
Event: 4707,805 GC heap after
{Heap after GC invocations=1864 (full 54):
 PSYoungGen      total 4096K, used 649K [0x00000000eab00000, 0x00000000eb180000, 0x0000000100000000)
  eden space 3072K, 0% used [0x00000000eab00000,0x00000000eab00000,0x00000000eae00000)
  from space 1024K, 63% used [0x00000000eae00000,0x00000000eaea27d0,0x00000000eaf00000)
  to   space 1536K, 0% used [0x00000000eb000000,0x00000000eb000000,0x00000000eb180000)
 ParOldGen       total 237568K, used 190981K [0x00000000c0000000, 0x00000000ce800000, 0x00000000eab00000)
  object space 237568K, 80% used [0x00000000c0000000,0x00000000cba81628,0x00000000ce800000)
 Metaspace       used 86145K, capacity 90391K, committed 91048K, reserved 1130496K
  class space    used 8110K, capacity 9575K, committed 9728K, reserved 1048576K
}
Event: 4707,977 GC heap before
{Heap before GC invocations=1865 (full 54):
 PSYoungGen      total 4096K, used 3714K [0x00000000eab00000, 0x00000000eb180000, 0x0000000100000000)
  eden space 3072K, 99% used [0x00000000eab00000,0x00000000eadfe2a8,0x00000000eae00000)
  from space 1024K, 63% used [0x00000000eae00000,0x00000000eaea27d0,0x00000000eaf00000)
  to   space 1536K, 0% used [0x00000000eb000000,0x00000000eb000000,0x00000000eb180000)
 ParOldGen       total 237568K, used 190981K [0x00000000c0000000, 0x00000000ce800000, 0x00000000eab00000)
  object space 237568K, 80% used [0x00000000c0000000,0x00000000cba81628,0x00000000ce800000)
 Metaspace       used 86145K, capacity 90391K, committed 91048K, reserved 1130496K
  class space    used 8110K, capacity 9575K, committed 9728K, reserved 1048576K
}
Event: 4707,984 GC heap after
{Heap after GC invocations=1865 (full 54):
 PSYoungGen      total 4608K, used 1450K [0x00000000eab00000, 0x00000000eb200000, 0x0000000100000000)
  eden space 3072K, 0% used [0x00000000eab00000,0x00000000eab00000,0x00000000eae00000)
  from space 1536K, 94% used [0x00000000eb000000,0x00000000eb16abd0,0x00000000eb180000)
  to   space 2048K, 0% used [0x00000000eae00000,0x00000000eae00000,0x00000000eb000000)
 ParOldGen       total 237568K, used 191560K [0x00000000c0000000, 0x00000000ce800000, 0x00000000eab00000)
  object space 237568K, 80% used [0x00000000c0000000,0x00000000cbb12208,0x00000000ce800000)
 Metaspace       used 86145K, capacity 90391K, committed 91048K, reserved 1130496K
  class space    used 8110K, capacity 9575K, committed 9728K, reserved 1048576K
}
Event: 4708,112 GC heap before
{Heap before GC invocations=1866 (full 54):
 PSYoungGen      total 4608K, used 4522K [0x00000000eab00000, 0x00000000eb200000, 0x0000000100000000)
  eden space 3072K, 100% used [0x00000000eab00000,0x00000000eae00000,0x00000000eae00000)
  from space 1536K, 94% used [0x00000000eb000000,0x00000000eb16abd0,0x00000000eb180000)
  to   space 2048K, 0% used [0x00000000eae00000,0x00000000eae00000,0x00000000eb000000)
 ParOldGen       total 237568K, used 191560K [0x00000000c0000000, 0x00000000ce800000, 0x00000000eab00000)
  object space 237568K, 80% used [0x00000000c0000000,0x00000000cbb12208,0x00000000ce800000)
 Metaspace       used 86146K, capacity 90391K, committed 91048K, reserved 1130496K
  class space    used 8110K, capacity 9575K, committed 9728K, reserved 1048576K
}
Event: 4708,120 GC heap after
{Heap after GC invocations=1866 (full 54):
 PSYoungGen      total 4608K, used 1179K [0x00000000eab00000, 0x00000000eb100000, 0x0000000100000000)
  eden space 3072K, 0% used [0x00000000eab00000,0x00000000eab00000,0x00000000eae00000)
  from space 1536K, 76% used [0x00000000eae00000,0x00000000eaf26cd0,0x00000000eaf80000)
  to   space 1536K, 0% used [0x00000000eaf80000,0x00000000eaf80000,0x00000000eb100000)
 ParOldGen       total 237568K, used 192939K [0x00000000c0000000, 0x00000000ce800000, 0x00000000eab00000)
  object space 237568K, 81% used [0x00000000c0000000,0x00000000cbc6ae60,0x00000000ce800000)
 Metaspace       used 86146K, capacity 90391K, committed 91048K, reserved 1130496K
  class space    used 8110K, capacity 9575K, committed 9728K, reserved 1048576K
}
Event: 4708,241 GC heap before
{Heap before GC invocations=1867 (full 54):
 PSYoungGen      total 4608K, used 4251K [0x00000000eab00000, 0x00000000eb100000, 0x0000000100000000)
  eden space 3072K, 100% used [0x00000000eab00000,0x00000000eae00000,0x00000000eae00000)
  from space 1536K, 76% used [0x00000000eae00000,0x00000000eaf26cd0,0x00000000eaf80000)
  to   space 1536K, 0% used [0x00000000eaf80000,0x00000000eaf80000,0x00000000eb100000)
 ParOldGen       total 237568K, used 192939K [0x00000000c0000000, 0x00000000ce800000, 0x00000000eab00000)
  object space 237568K, 81% used [0x00000000c0000000,0x00000000cbc6ae60,0x00000000ce800000)
 Metaspace       used 86146K, capacity 90391K, committed 91048K, reserved 1130496K
  class space    used 8110K, capacity 9575K, committed 9728K, reserved 1048576K
}
Event: 4708,248 GC heap after
{Heap after GC invocations=1867 (full 54):
 PSYoungGen      total 4096K, used 803K [0x00000000eab00000, 0x00000000eb080000, 0x0000000100000000)
  eden space 3072K, 0% used [0x00000000eab00000,0x00000000eab00000,0x00000000eae00000)
  from space 1024K, 78% used [0x00000000eaf80000,0x00000000eb048d00,0x00000000eb080000)
  to   space 1024K, 0% used [0x00000000eae80000,0x00000000eae80000,0x00000000eaf80000)
 ParOldGen       total 237568K, used 194085K [0x00000000c0000000, 0x00000000ce800000, 0x00000000eab00000)
  object space 237568K, 81% used [0x00000000c0000000,0x00000000cbd895a0,0x00000000ce800000)
 Metaspace       used 86146K, capacity 90391K, committed 91048K, reserved 1130496K
  class space    used 8110K, capacity 9575K, committed 9728K, reserved 1048576K
}
Event: 4708,355 GC heap before
{Heap before GC invocations=1868 (full 54):
 PSYoungGen      total 4096K, used 3875K [0x00000000eab00000, 0x00000000eb080000, 0x0000000100000000)
  eden space 3072K, 100% used [0x00000000eab00000,0x00000000eae00000,0x00000000eae00000)
  from space 1024K, 78% used [0x00000000eaf80000,0x00000000eb048d00,0x00000000eb080000)
  to   space 1024K, 0% used [0x00000000eae80000,0x00000000eae80000,0x00000000eaf80000)
 ParOldGen       total 237568K, used 194085K [0x00000000c0000000, 0x00000000ce800000, 0x00000000eab00000)
  object space 237568K, 81% used [0x00000000c0000000,0x00000000cbd895a0,0x00000000ce800000)
 Metaspace       used 86146K, capacity 90391K, committed 91048K, reserved 1130496K
  class space    used 8110K, capacity 9575K, committed 9728K, reserved 1048576K
}
Event: 4708,367 GC heap after
{Heap after GC invocations=1868 (full 54):
 PSYoungGen      total 4096K, used 997K [0x00000000eab00000, 0x00000000eb300000, 0x0000000100000000)
  eden space 3072K, 0% used [0x00000000eab00000,0x00000000eab00000,0x00000000eae00000)
  from space 1024K, 97% used [0x00000000eae80000,0x00000000eaf795e0,0x00000000eaf80000)
  to   space 2560K, 0% used [0x00000000eb080000,0x00000000eb080000,0x00000000eb300000)
 ParOldGen       total 237568K, used 194976K [0x00000000c0000000, 0x00000000ce800000, 0x00000000eab00000)
  object space 237568K, 82% used [0x00000000c0000000,0x00000000cbe68130,0x00000000ce800000)
 Metaspace       used 86146K, capacity 90391K, committed 91048K, reserved 1130496K
  class space    used 8110K, capacity 9575K, committed 9728K, reserved 1048576K
}
Event: 4708,457 GC heap before
{Heap before GC invocations=1869 (full 54):
 PSYoungGen      total 4096K, used 4069K [0x00000000eab00000, 0x00000000eb300000, 0x0000000100000000)
  eden space 3072K, 100% used [0x00000000eab00000,0x00000000eae00000,0x00000000eae00000)
  from space 1024K, 97% used [0x00000000eae80000,0x00000000eaf795e0,0x00000000eaf80000)
  to   space 2560K, 0% used [0x00000000eb080000,0x00000000eb080000,0x00000000eb300000)
 ParOldGen       total 237568K, used 194976K [0x00000000c0000000, 0x00000000ce800000, 0x00000000eab00000)
  object space 237568K, 82% used [0x00000000c0000000,0x00000000cbe68130,0x00000000ce800000)
 Metaspace       used 86150K, capacity 90391K, committed 91048K, reserved 1130496K
  class space    used 8111K, capacity 9575K, committed 9728K, reserved 1048576K
}
Event: 4708,470 GC heap after
{Heap after GC invocations=1869 (full 54):
 PSYoungGen      total 4096K, used 787K [0x00000000eab00000, 0x00000000eb180000, 0x0000000100000000)
  eden space 3072K, 0% used [0x00000000eab00000,0x00000000eab00000,0x00000000eae00000)
  from space 1024K, 76% used [0x00000000eb080000,0x00000000eb144ec0,0x00000000eb180000)
  to   space 1536K, 0% used [0x00000000eae80000,0x00000000eae80000,0x00000000eb000000)
 ParOldGen       total 237568K, used 195988K [0x00000000c0000000, 0x00000000ce800000, 0x00000000eab00000)
  object space 237568K, 82% used [0x00000000c0000000,0x00000000cbf65198,0x00000000ce800000)
 Metaspace       used 86150K, capacity 90391K, committed 91048K, reserved 1130496K
  class space    used 8111K, capacity 9575K, committed 9728K, reserved 1048576K
}
Event: 4708,600 GC heap before
{Heap before GC invocations=1870 (full 54):
 PSYoungGen      total 4096K, used 3859K [0x00000000eab00000, 0x00000000eb180000, 0x0000000100000000)
  eden space 3072K, 100% used [0x00000000eab00000,0x00000000eae00000,0x00000000eae00000)
  from space 1024K, 76% used [0x00000000eb080000,0x00000000eb144ec0,0x00000000eb180000)
  to   space 1536K, 0% used [0x00000000eae80000,0x00000000eae80000,0x00000000eb000000)
 ParOldGen       total 237568K, used 195988K [0x00000000c0000000, 0x00000000ce800000, 0x00000000eab00000)
  object space 237568K, 82% used [0x00000000c0000000,0x00000000cbf65198,0x00000000ce800000)
 Metaspace       used 86150K, capacity 90391K, committed 91048K, reserved 1130496K
  class space    used 8111K, capacity 9575K, committed 9728K, reserved 1048576K
}
Event: 4708,614 GC heap after
{Heap after GC invocations=1870 (full 54):
 PSYoungGen      total 4608K, used 1274K [0x00000000eab00000, 0x00000000eb100000, 0x0000000100000000)
  eden space 3072K, 0% used [0x00000000eab00000,0x00000000eab00000,0x00000000eae00000)
  from space 1536K, 83% used [0x00000000eae80000,0x00000000eafbebd8,0x00000000eb000000)
  to   space 1024K, 0% used [0x00000000eb000000,0x00000000eb000000,0x00000000eb100000)
 ParOldGen       total 237568K, used 196693K [0x00000000c0000000, 0x00000000ce800000, 0x00000000eab00000)
  object space 237568K, 82% used [0x00000000c0000000,0x00000000cc0156e0,0x00000000ce800000)
 Metaspace       used 86150K, capacity 90391K, committed 91048K, reserved 1130496K
  class space    used 8111K, capacity 9575K, committed 9728K, reserved 1048576K
}
Event: 4708,823 GC heap before
{Heap before GC invocations=1871 (full 54):
 PSYoungGen      total 4608K, used 4306K [0x00000000eab00000, 0x00000000eb100000, 0x0000000100000000)
  eden space 3072K, 98% used [0x00000000eab00000,0x00000000eadf5cd8,0x00000000eae00000)
  from space 1536K, 83% used [0x00000000eae80000,0x00000000eafbebd8,0x00000000eb000000)
  to   space 1024K, 0% used [0x00000000eb000000,0x00000000eb000000,0x00000000eb100000)
 ParOldGen       total 237568K, used 196693K [0x00000000c0000000, 0x00000000ce800000, 0x00000000eab00000)
  object space 237568K, 82% used [0x00000000c0000000,0x00000000cc0156e0,0x00000000ce800000)
 Metaspace       used 86150K, capacity 90391K, committed 91048K, reserved 1130496K
  class space    used 8111K, capacity 9575K, committed 9728K, reserved 1048576K
}
Event: 4708,831 GC heap after
{Heap after GC invocations=1871 (full 54):
 PSYoungGen      total 2560K, used 1009K [0x00000000eab00000, 0x00000000eb500000, 0x0000000100000000)
  eden space 1536K, 0% used [0x00000000eab00000,0x00000000eab00000,0x00000000eac80000)
  from space 1024K, 98% used [0x00000000eb000000,0x00000000eb0fc678,0x00000000eb100000)
  to   space 3584K, 0% used [0x00000000eac80000,0x00000000eac80000,0x00000000eb000000)
 ParOldGen       total 237568K, used 198556K [0x00000000c0000000, 0x00000000ce800000, 0x00000000eab00000)
  object space 237568K, 83% used [0x00000000c0000000,0x00000000cc1e7038,0x00000000ce800000)
 Metaspace       used 86150K, capacity 90391K, committed 91048K, reserved 1130496K
  class space    used 8111K, capacity 9575K, committed 9728K, reserved 1048576K
}
Event: 4708,908 GC heap before
{Heap before GC invocations=1872 (full 54):
 PSYoungGen      total 2560K, used 2545K [0x00000000eab00000, 0x00000000eb500000, 0x0000000100000000)
  eden space 1536K, 100% used [0x00000000eab00000,0x00000000eac80000,0x00000000eac80000)
  from space 1024K, 98% used [0x00000000eb000000,0x00000000eb0fc678,0x00000000eb100000)
  to   space 3584K, 0% used [0x00000000eac80000,0x00000000eac80000,0x00000000eb000000)
 ParOldGen       total 237568K, used 198556K [0x00000000c0000000, 0x00000000ce800000, 0x00000000eab00000)
  object space 237568K, 83% used [0x00000000c0000000,0x00000000cc1e7038,0x00000000ce800000)
 Metaspace       used 86150K, capacity 90391K, committed 91048K, reserved 1130496K
  class space    used 8111K, capacity 9575K, committed 9728K, reserved 1048576K
}
Event: 4708,920 GC heap after
{Heap after GC invocations=1872 (full 54):
 PSYoungGen      total 2560K, used 742K [0x00000000eab00000, 0x00000000eb080000, 0x0000000100000000)
  eden space 1536K, 0% used [0x00000000eab00000,0x00000000eab00000,0x00000000eac80000)
  from space 1024K, 72% used [0x00000000eac80000,0x00000000ead398f0,0x00000000ead80000)
  to   space 1536K, 0% used [0x00000000eaf00000,0x00000000eaf00000,0x00000000eb080000)
 ParOldGen       total 237568K, used 199562K [0x00000000c0000000, 0x00000000ce800000, 0x00000000eab00000)
  object space 237568K, 84% used [0x00000000c0000000,0x00000000cc2e2928,0x00000000ce800000)
 Metaspace       used 86150K, capacity 90391K, committed 91048K, reserved 1130496K
  class space    used 8111K, capacity 9575K, committed 9728K, reserved 1048576K
}
Event: 4708,980 GC heap before
{Heap before GC invocations=1873 (full 54):
 PSYoungGen      total 2560K, used 2278K [0x00000000eab00000, 0x00000000eb080000, 0x0000000100000000)
  eden space 1536K, 100% used [0x00000000eab00000,0x00000000eac80000,0x00000000eac80000)
  from space 1024K, 72% used [0x00000000eac80000,0x00000000ead398f0,0x00000000ead80000)
  to   space 1536K, 0% used [0x00000000eaf00000,0x00000000eaf00000,0x00000000eb080000)
 ParOldGen       total 237568K, used 199562K [0x00000000c0000000, 0x00000000ce800000, 0x00000000eab00000)
  object space 237568K, 84% used [0x00000000c0000000,0x00000000cc2e2928,0x00000000ce800000)
 Metaspace       used 86151K, capacity 90391K, committed 91048K, reserved 1130496K
  class space    used 8111K, capacity 9575K, committed 9728K, reserved 1048576K
}

